<?xml version="1.0" encoding="UTF-8"?>
<!-- Generated by org.testng.reporters.JUnitXMLReporter -->
<testsuite hostname="Matti-PC" ignored="0" name="invalid reg test" tests="1" failures="1" timestamp="06 May 2019 14:12:18 GMT" time="24.569" errors="0">
  <testcase name="validateRegistration" time="7.741" classname="com.qa.test.TC_002_RegisterWithInvalidDataTest">
    <failure type="java.lang.AssertionError" message="expected [Please enter your first name] but found [null]">
      <![CDATA[java.lang.AssertionError: expected [Please enter your first name] but found [null]
at com.qa.test.TC_002_RegisterWithInvalidDataTest.validateRegistration(TC_002_RegisterWithInvalidDataTest.java:48)
at java.util.concurrent.FutureTask.run(Unknown Source)
at java.util.concurrent.ThreadPoolExecutor.runWorker(Unknown Source)
at java.util.concurrent.ThreadPoolExecutor$Worker.run(Unknown Source)
at java.lang.Thread.run(Unknown Source)
... Removed 22 stack frames]]>
    </failure>
  </testcase> <!-- validateRegistration -->
</testsuite> <!-- invalid reg test -->
