<?xml version="1.0" encoding="UTF-8"?>
<!-- Generated by org.testng.reporters.JUnitXMLReporter -->
<testsuite hostname="Matti-PC" ignored="0" name="Registration Test" tests="3" failures="0" timestamp="15 Apr 2019 16:35:41 GMT" time="30.257" errors="0">
  <testcase name="validateRegistration" time="2.658" classname="com.qa.test.TC_001_RegisterWithValidData"/>
  <testcase name="validateRegistration" time="2.769" classname="com.qa.test.TC_001_RegisterWithValidData"/>
  <testcase name="validateRegistration" time="2.931" classname="com.qa.test.TC_001_RegisterWithValidData"/>
</testsuite> <!-- Registration Test -->
