<?xml version="1.0" encoding="UTF-8"?>
<!-- Generated by org.testng.reporters.JUnitXMLReporter -->
<testsuite hostname="Matti-PC" ignored="0" name="Registration Test on chrome with valid data" tests="3" failures="0" timestamp="16 Apr 2019 03:39:33 GMT" time="42.471" errors="0">
  <testcase name="validateRegistration" time="3.181" classname="com.qa.test.TC_001_RegisterWithValidData"/>
  <testcase name="validateRegistration" time="5.487" classname="com.qa.test.TC_001_RegisterWithValidData"/>
  <testcase name="validateRegistration" time="4.364" classname="com.qa.test.TC_001_RegisterWithValidData"/>
</testsuite> <!-- Registration Test on chrome with valid data -->
