<?xml version="1.0" encoding="UTF-8"?>
<!-- Generated by org.testng.reporters.JUnitXMLReporter -->
<testsuite hostname="Matti-PC" ignored="0" name="Registration Test on firefox with valid data" tests="3" failures="0" timestamp="16 Apr 2019 03:39:43 GMT" time="51.922" errors="0">
  <testcase name="validateRegistration" time="2.501" classname="com.qa.test.TC_001_RegisterWithValidData"/>
  <testcase name="validateRegistration" time="2.666" classname="com.qa.test.TC_001_RegisterWithValidData"/>
  <testcase name="validateRegistration" time="1.431" classname="com.qa.test.TC_001_RegisterWithValidData"/>
</testsuite> <!-- Registration Test on firefox with valid data -->
