<?xml version="1.0" encoding="UTF-8"?>
<!-- Generated by org.testng.reporters.JUnitXMLReporter -->
<testsuite hostname="Matti-PC" ignored="0" name="valid reg test" tests="4" failures="0" timestamp="06 May 2019 14:12:49 GMT" time="55.289" errors="0">
  <testcase name="validatePageTitle" time="0.327" classname="com.qa.test.TC_001_RegisterWithValidDataTest"/>
  <testcase name="validateRegistration" time="2.888" classname="com.qa.test.TC_001_RegisterWithValidDataTest"/>
  <testcase name="validateRegistration" time="3.015" classname="com.qa.test.TC_001_RegisterWithValidDataTest"/>
  <testcase name="validateRegistration" time="2.556" classname="com.qa.test.TC_001_RegisterWithValidDataTest"/>
</testsuite> <!-- valid reg test -->
