<?xml version="1.0" encoding="UTF-8"?>
<!-- Generated by org.testng.reporters.JUnitXMLReporter -->
<testsuite ignored="0" hostname="Matti-PC" failures="0" tests="4" name="valid reg test" time="46.997" errors="0" timestamp="24 Jun 2019 15:13:22 GMT">
  <testcase classname="com.qa.test.TC_001_RegisterWithValidDataTest" name="validatePageTitle" time="0.084"/>
  <testcase classname="com.qa.test.TC_001_RegisterWithValidDataTest" name="validateRegistration" time="2.39"/>
  <testcase classname="com.qa.test.TC_001_RegisterWithValidDataTest" name="validateRegistration" time="2.296"/>
  <testcase classname="com.qa.test.TC_001_RegisterWithValidDataTest" name="validateRegistration" time="2.371"/>
</testsuite> <!-- valid reg test -->
