<?xml version="1.0" encoding="UTF-8"?>
<testng-results skipped="0" failed="0" ignored="0" total="1" passed="1">
  <reporter-output>
  </reporter-output>
  <suite name="Default suite" duration-ms="12587" started-at="2019-05-06T14:16:55Z" finished-at="2019-05-06T14:17:07Z">
    <groups>
    </groups>
    <test name="Default test" duration-ms="12587" started-at="2019-05-06T14:16:55Z" finished-at="2019-05-06T14:17:07Z">
      <class name="com.qa.test.TC_002_RegisterWithInvalidDataTest">
        <test-method status="PASS" signature="setUp()[pri:0, instance:com.qa.test.TC_002_RegisterWithInvalidDataTest@3b084709]" name="setUp" is-config="true" duration-ms="7359" started-at="2019-05-06T14:16:56Z" finished-at="2019-05-06T14:17:03Z">
          <reporter-output>
          </reporter-output>
        </test-method> <!-- setUp -->
        <test-method status="PASS" signature="validateRegistration(java.lang.String, java.lang.String, java.lang.String, java.lang.String, java.lang.String, java.lang.String, java.lang.String, java.lang.String)[pri:0, instance:com.qa.test.TC_002_RegisterWithInvalidDataTest@3b084709]" name="validateRegistration" duration-ms="3056" started-at="2019-05-06T14:17:03Z" data-provider="getTestData" finished-at="2019-05-06T14:17:07Z">
          <params>
            <param index="0">
              <value>
                <![CDATA[Free Edition]]>
              </value>
            </param>
            <param index="1">
              <value>
                <![CDATA[]]>
              </value>
            </param>
            <param index="2">
              <value>
                <![CDATA[Song]]>
              </value>
            </param>
            <param index="3">
              <value>
                <![CDATA[tom@gmail.com]]>
              </value>
            </param>
            <param index="4">
              <value>
                <![CDATA[tom@gmail.com]]>
              </value>
            </param>
            <param index="5">
              <value>
                <![CDATA[peter1234]]>
              </value>
            </param>
            <param index="6">
              <value>
                <![CDATA[qw12345]]>
              </value>
            </param>
            <param index="7">
              <value>
                <![CDATA[qw12345]]>
              </value>
            </param>
          </params>
          <reporter-output>
          </reporter-output>
        </test-method> <!-- validateRegistration -->
        <test-method status="PASS" signature="endTest()[pri:0, instance:com.qa.test.TC_002_RegisterWithInvalidDataTest@3b084709]" name="endTest" is-config="true" duration-ms="900" started-at="2019-05-06T14:17:07Z" finished-at="2019-05-06T14:17:07Z">
          <reporter-output>
          </reporter-output>
        </test-method> <!-- endTest -->
      </class> <!-- com.qa.test.TC_002_RegisterWithInvalidDataTest -->
    </test> <!-- Default test -->
  </suite> <!-- Default suite -->
</testng-results>
